[2025-05-09 17:27:10] yoyo32 (312353633083588608) a exécuté //clear → ❌ failed
[2025-05-09 17:28:37] yoyo32 (312353633083588608) a exécuté //quiz → ❌ failed
[2025-05-09 17:28:44] yoyo32 (312353633083588608) a exécuté //quiz → ❌ failed
[2025-05-09 17:28:50] yoyo32 (312353633083588608) a exécuté //quiz → ❌ failed
[2025-05-09 17:29:54] yoyo32 (312353633083588608) a exécuté //quiz → ✅ success
[2025-05-09 17:29:58] yoyo32 (312353633083588608) a exécuté //quiz → ✅ success
[2025-05-09 17:34:25] yoyo32 (312353633083588608) a exécuté //quiz → ✅ success
[2025-05-09 17:35:05] yoyo32 (312353633083588608) a exécuté //clear → ❌ failed
[2025-05-09 17:36:29] yoyo32 (312353633083588608) a exécuté //clear → ❌ failed
[2025-05-09 17:38:11] yoyo32 (312353633083588608) a exécuté //clear → ✅ success
[2025-05-09 17:38:57] yoyo32 (312353633083588608) a exécuté //clear → ✅ success
[2025-05-09 17:39:16] yoyo32 (312353633083588608) a exécuté //clear → ✅ success
[2025-05-09 17:40:51] yoyo32 (312353633083588608) a exécuté //clear → ✅ success
[2025-05-09 17:44:02] ea0538 (304645700023484417) a exécuté //nico → ✅ success
[2025-05-09 17:44:20] ea0538 (304645700023484417) a exécuté //nico → ✅ success
[2025-05-09 17:44:46] ea0538 (304645700023484417) a exécuté //nico → ❌ failed
[2025-05-09 17:52:51] yoyo32 (312353633083588608) a exécuté //quiz → ✅ success
[2025-05-09 17:56:40] yoyo32 (312353633083588608) a exécuté /no permission → ❌ failed
[2025-05-09 17:57:34] yoyo32 (312353633083588608) a exécuté //pfc → ✅ success
[2025-05-09 17:58:07] fleur2cerisier_ (967874006676033646) a exécuté //pfc → ✅ success
[2025-05-09 17:58:36] fleur2cerisier_ (967874006676033646) a exécuté /no permission → ❌ failed
[2025-05-09 19:10:23] yoyo32 (312353633083588608) a exécuté /no permission → ❌ failed
[2025-05-10 00:04:50] yora7032 (282651327581126656) a exécuté //quiz → ✅ success
[2025-05-10 00:06:48] yoyo32 (312353633083588608) a exécuté //quiz → ✅ success
[2025-05-10 00:07:52] yora7032 (282651327581126656) a exécuté //quiz → ✅ success
[2025-05-10 00:08:35] yoyo32 (312353633083588608) a exécuté //top_stats → ✅ success
[2025-05-10 00:20:44] yoyo32 (312353633083588608) a exécuté //quiz → ✅ success
[2025-05-10 00:20:59] yoyo32 (312353633083588608) a exécuté //pfc → ❌ failed
[2025-05-10 00:21:37] yoyo32 (312353633083588608) a exécuté //pfc → ✅ success
[2025-05-10 00:22:31] yora7032 (282651327581126656) a exécuté //quiz → ✅ success
[2025-05-10 00:22:53] yora7032 (282651327581126656) a exécuté //quiz → ✅ success
[2025-05-10 00:23:18] yoyo32 (312353633083588608) a exécuté //pfc → ✅ success
[2025-05-10 00:24:22] yoyo32 (312353633083588608) a exécuté //quiz → ✅ success
[2025-05-10 00:24:35] yoyo32 (312353633083588608) a exécuté //top_stats → ✅ success
[2025-05-10 00:24:41] yora7032 (282651327581126656) a exécuté //pfc → ✅ success
[2025-05-10 00:25:12] yoyo32 (312353633083588608) a exécuté //pfc → ✅ success
[2025-05-10 00:25:34] yora7032 (282651327581126656) a exécuté //quiz → ✅ success
[2025-05-10 00:26:46] yora7032 (282651327581126656) a exécuté //pfc → ❌ failed
[2025-05-10 00:27:27] yoyo32 (312353633083588608) a exécuté //pfc → ❌ failed
[2025-05-10 00:27:51] yora7032 (282651327581126656) a exécuté //pfc → ✅ success
[2025-05-10 00:32:45] yora7032 (282651327581126656) a exécuté //quiz → ✅ success
[2025-05-10 00:45:48] yoyo32 (312353633083588608) a exécuté //quiz → ✅ success
[2025-05-10 00:46:07] yoyo32 (312353633083588608) a exécuté //quiz → ✅ success
[2025-05-10 00:46:29] yoyo32 (312353633083588608) a exécuté //quiz → ✅ success
[2025-05-10 00:52:27] yora7032 (282651327581126656) a exécuté //quiz → ✅ success
[2025-05-10 01:19:37] yoyo32 (312353633083588608) a exécuté //quiz → ✅ success
[2025-05-10 01:21:57] yora7032 (282651327581126656) a exécuté //quiz → ✅ success
[2025-05-10 01:23:00] yoyo32 (312353633083588608) a exécuté //quiz → ✅ success
[2025-05-10 01:23:48] yora7032 (282651327581126656) a exécuté //quiz → ✅ success
[2025-05-10 01:25:33] yora7032 (282651327581126656) a exécuté //quiz → ✅ success
[2025-05-10 03:57:10] yoyo32 (312353633083588608) a exécuté /no permission → ❌ failed
[2025-05-10 03:57:47] yoyo32 (312353633083588608) a exécuté /no permission → ❌ failed
[2025-05-10 03:58:03] yoyo32 (312353633083588608) a exécuté /no permission → ❌ failed
[2025-05-10 04:00:10] yoyo32 (312353633083588608) a exécuté //clear → ✅ success
[2025-05-10 04:01:20] yoyo32 (312353633083588608) a exécuté //clear → ✅ success
[2025-05-10 04:02:04] yoyo32 (312353633083588608) a exécuté //clear → ✅ success
[2025-05-10 04:03:01] yoyo32 (312353633083588608) a exécuté //quiz → ✅ success
[2025-05-10 04:04:16] yoyo32 (312353633083588608) a exécuté /no permission → ❌ failed
[2025-05-10 04:04:27] yoyo32 (312353633083588608) a exécuté /no permission → ❌ failed
[2025-05-10 04:05:01] yoyo32 (312353633083588608) a exécuté //quiz → ✅ success
[2025-05-10 04:05:20] yoyo32 (312353633083588608) a exécuté /no permission → ❌ failed
[2025-05-10 04:05:41] yoyo32 (312353633083588608) a exécuté //quiz → ✅ success
[2025-05-10 04:07:33] yoyo32 (312353633083588608) a exécuté //top_stats → ✅ success
[2025-05-10 04:08:54] yoyo32 (312353633083588608) a exécuté /no permission → ❌ failed
[2025-05-10 04:10:23] ea0538 (304645700023484417) a exécuté /no permission → ❌ failed
[2025-05-10 04:10:27] ea0538 (304645700023484417) a exécuté //quiz → ✅ success
[2025-05-10 04:10:53] ea0538 (304645700023484417) a exécuté //pfc → ✅ success
[2025-05-10 04:11:30] yoyo32 (312353633083588608) a exécuté //quiz → ✅ success
[2025-05-10 04:13:27] yoyo32 (312353633083588608) a exécuté //quiz → ✅ success
[2025-05-10 04:13:58] yoyo32 (312353633083588608) a exécuté //quiz → ✅ success
[2025-05-10 04:15:24] yoyo32 (312353633083588608) a exécuté //quiz → ✅ success
[2025-05-10 04:15:31] yoyo32 (312353633083588608) a exécuté //quiz → ✅ success
[2025-05-10 04:15:47] yoyo32 (312353633083588608) a exécuté //clear → ✅ success
[2025-05-10 04:19:45] yoyo32 (312353633083588608) a exécuté /no permission → ❌ failed
[2025-05-10 04:19:51] yoyo32 (312353633083588608) a exécuté //quiz → ✅ success
[2025-05-10 04:19:56] yoyo32 (312353633083588608) a exécuté //top_stats → ✅ success
[2025-05-10 04:25:33] yoyo32 (312353633083588608) a exécuté //quiz → ✅ success
[2025-05-10 14:20:16] yoyo32 (312353633083588608) a exécuté //quiz → ✅ success
[2025-05-10 21:14:20] yoyo32 (312353633083588608) a exécuté //quiz → ✅ success
[2025-05-10 21:14:30] yoyo32 (312353633083588608) a exécuté //quiz → ✅ success
[2025-05-10 21:14:41] yoyo32 (312353633083588608) a exécuté //quiz → ✅ success
[2025-05-10 21:28:39] yoyo32 (312353633083588608) a exécuté //quiz → ✅ success
[2025-05-10 23:48:58] yora7032 (282651327581126656) a exécuté //quiz → ✅ success
[2025-05-10 23:50:50] yora7032 (282651327581126656) a exécuté //pfc → ❌ failed
[2025-05-11 00:09:58] yoyo32 (312353633083588608) a exécuté //quiz → ✅ success
[2025-05-11 00:11:52] yora7032 (282651327581126656) a exécuté //quiz → ✅ success
[2025-05-11 00:11:55] yoyo32 (312353633083588608) a exécuté //quiz → ✅ success
[2025-05-11 00:12:34] yoyo32 (312353633083588608) a exécuté //quiz → ✅ success
[2025-05-11 00:14:38] yoyo32 (312353633083588608) a exécuté //quiz → ✅ success
[2025-05-11 00:15:20] yoyo32 (312353633083588608) a exécuté //quiz → ✅ success
[2025-05-11 00:20:02] yoyo32 (312353633083588608) a exécuté //quiz → ❌ failed
[2025-05-11 00:21:25] yoyo32 (312353633083588608) a exécuté //quiz → ✅ success
[2025-05-11 00:22:04] yoyo32 (312353633083588608) a exécuté //quiz → ✅ success
[2025-05-11 00:22:22] yoyo32 (312353633083588608) a exécuté //quiz → ✅ success
[2025-05-11 00:23:00] yoyo32 (312353633083588608) a exécuté //quiz → ✅ success
[2025-05-11 00:25:08] yoyo32 (312353633083588608) a exécuté //quiz → ✅ success
[2025-05-11 00:25:42] yoyo32 (312353633083588608) a exécuté //quiz → ✅ success
[2025-05-11 00:27:47] yoyo32 (312353633083588608) a exécuté //clear → ✅ success
[2025-05-11 00:28:00] yoyo32 (312353633083588608) a exécuté //clear → ✅ success
[2025-05-11 00:33:30] fleur2cerisier_ (967874006676033646) a exécuté //pfc → ❌ failed
[2025-05-11 00:34:46] yoyo32 (312353633083588608) a exécuté //quiz → ✅ success
[2025-05-11 00:34:59] yoyo32 (312353633083588608) a exécuté //pfc → ✅ success
[2025-05-11 00:35:27] yoyo32 (312353633083588608) a exécuté //quiz → ✅ success
[2025-05-11 00:36:08] yoyo32 (312353633083588608) a exécuté //quiz → ✅ success
[2025-05-11 00:36:35] yoyo32 (312353633083588608) a exécuté //top_stats → ✅ success
[2025-05-11 00:37:04] yoyo32 (312353633083588608) a exécuté //pfc → ✅ success
[2025-05-11 22:40:02] nicobloom (503153517695991809) a exécuté //quiz → ✅ success
[2025-05-11 22:40:54] nicobloom (503153517695991809) a exécuté //reset_score → ✅ success
[2025-05-11 22:41:08] nicobloom (503153517695991809) a exécuté //quiz → ✅ success
[2025-05-11 22:41:26] nicobloom (503153517695991809) a exécuté //quiz → ✅ success
[2025-05-11 22:41:42] nicobloom (503153517695991809) a exécuté //quiz → ✅ success
[2025-05-11 22:41:53] nicobloom (503153517695991809) a exécuté //quiz → ✅ success
[2025-05-11 22:42:04] nicobloom (503153517695991809) a exécuté //quiz → ✅ success
[2025-05-11 22:42:12] nicobloom (503153517695991809) a exécuté //quiz → ✅ success
[2025-05-11 22:42:26] nicobloom (503153517695991809) a exécuté //quiz → ✅ success
[2025-05-11 22:42:34] nicobloom (503153517695991809) a exécuté //quiz → ✅ success
[2025-05-11 22:42:42] nicobloom (503153517695991809) a exécuté //quiz → ✅ success
[2025-05-11 22:43:00] nicobloom (503153517695991809) a exécuté //quiz → ✅ success
[2025-05-11 22:43:23] nicobloom (503153517695991809) a exécuté //top_stats → ✅ success
[2025-05-11 22:52:35] yoyo32 (312353633083588608) a exécuté //mes_stats → ✅ success
[2025-05-11 22:52:39] yoyo32 (312353633083588608) a exécuté //quiz → ✅ success
[2025-05-11 22:52:44] yoyo32 (312353633083588608) a exécuté //mes_stats → ✅ success
[2025-05-11 22:55:06] nicobloom (503153517695991809) a exécuté /no permission → ❌ failed
[2025-05-11 22:55:25] nicobloom (503153517695991809) a exécuté //nico → ✅ success
[2025-05-11 23:26:25] yoyo32 (312353633083588608) a exécuté //clear → ✅ success
[2025-05-11 23:26:36] nicobloom (503153517695991809) a exécuté //nico → ✅ success
[2025-05-11 23:26:42] yoyo32 (312353633083588608) a exécuté //clear → ✅ success
[2025-05-11 23:26:50] yoyo32 (312353633083588608) a exécuté //clear → ✅ success
[2025-05-11 23:26:56] nicobloom (503153517695991809) a exécuté //nico → ✅ success
[2025-05-11 23:27:06] yoyo32 (312353633083588608) a exécuté //quiz → ✅ success
[2025-05-11 23:28:29] yoyo32 (312353633083588608) a exécuté //pfc → ✅ success
[2025-05-11 23:36:18] yoyo32 (312353633083588608) a exécuté //pfc → ✅ success
[2025-05-11 23:36:44] yora7032 (282651327581126656) a exécuté //pfc → ✅ success
[2025-05-11 23:37:14] nicobloom (503153517695991809) a exécuté //quiz → ✅ success
[2025-05-11 23:37:25] nicobloom (503153517695991809) a exécuté //quiz → ✅ success
[2025-05-11 23:37:39] yora7032 (282651327581126656) a exécuté //quiz → ✅ success
[2025-05-11 23:39:16] nicobloom (503153517695991809) a exécuté //nico → ✅ success
[2025-05-11 23:42:03] nicobloom (503153517695991809) a exécuté //top_stats → ✅ success
[2025-05-11 23:45:55] yora7032 (282651327581126656) a exécuté //quiz → ✅ success
[2025-05-11 23:48:35] yora7032 (282651327581126656) a exécuté //quiz → ✅ success
[2025-05-11 23:49:09] nicobloom (503153517695991809) a exécuté //quiz → ✅ success
[2025-05-11 23:49:37] yora7032 (282651327581126656) a exécuté //quiz → ✅ success
[2025-05-11 23:50:11] yora7032 (282651327581126656) a exécuté //quiz → ✅ success
[2025-05-11 23:50:49] yora7032 (282651327581126656) a exécuté //quiz → ✅ success
[2025-05-11 23:53:13] yora7032 (282651327581126656) a exécuté //quiz → ✅ success
[2025-05-12 00:16:16] yora7032 (282651327581126656) a exécuté //pfc → ✅ success
[2025-05-12 00:16:23] yora7032 (282651327581126656) a exécuté //pfc → ✅ success
[2025-05-12 00:16:48] yora7032 (282651327581126656) a exécuté //quiz → ✅ success
[2025-05-12 00:19:08] nicobloom (503153517695991809) a exécuté //clear → ✅ success
[2025-05-12 00:22:35] yora7032 (282651327581126656) a exécuté //pfc → ✅ success
[2025-05-12 00:23:00] yora7032 (282651327581126656) a exécuté //pfc → ✅ success
[2025-05-12 00:23:33] yoyo32 (312353633083588608) a exécuté /no permission → ❌ failed
[2025-05-12 00:29:13] yora7032 (282651327581126656) a exécuté //quiz → ✅ success
[2025-05-13 22:59:06] yoyo32 (312353633083588608) a exécuté //quiz → ✅ success
[2025-05-13 23:00:18] yoyo32 (312353633083588608) a exécuté //pfc → ❌ failed
[2025-05-13 23:00:19] yoyo32 (312353633083588608) a exécuté //pfc → ❌ failed
[2025-05-13 23:00:20] yoyo32 (312353633083588608) a exécuté //pfc → ❌ failed
[2025-05-14 23:26:37] yoyo32 (312353633083588608) a exécuté //quiz → ✅ success
[2025-05-14 23:26:41] nicobloom (503153517695991809) a exécuté //nico → ❌ failed
[2025-05-14 23:26:50] fleur2cerisier_ (967874006676033646) a exécuté //pfc → ✅ success
[2025-05-14 23:27:09] nicobloom (503153517695991809) a exécuté //nico → ✅ success
[2025-05-14 23:27:15] fleur2cerisier_ (967874006676033646) a exécuté //quiz → ✅ success
[2025-05-14 23:27:40] nicobloom (503153517695991809) a exécuté //quiz → ✅ success
[2025-05-14 23:27:47] yoyo32 (312353633083588608) a exécuté //pfc → ❌ failed
[2025-05-14 23:28:00] nicobloom (503153517695991809) a exécuté //quiz → ✅ success
[2025-05-14 23:28:21] nicobloom (503153517695991809) a exécuté //quiz → ✅ success
[2025-05-14 23:28:32] nicobloom (503153517695991809) a exécuté //quiz → ✅ success
[2025-05-14 23:28:43] nicobloom (503153517695991809) a exécuté //quiz → ✅ success
[2025-05-14 23:28:58] nicobloom (503153517695991809) a exécuté //quiz → ✅ success
[2025-05-14 23:29:01] fleur2cerisier_ (967874006676033646) a exécuté //mes_stats → ✅ success
[2025-05-14 23:29:10] nicobloom (503153517695991809) a exécuté //quiz → ✅ success
[2025-05-14 23:29:22] nicobloom (503153517695991809) a exécuté //quiz → ✅ success
[2025-05-14 23:29:26] fleur2cerisier_ (967874006676033646) a exécuté //quiz → ✅ success
[2025-05-14 23:29:37] fleur2cerisier_ (967874006676033646) a exécuté //mes_stats → ❌ failed
[2025-05-14 23:29:40] nicobloom (503153517695991809) a exécuté //quiz → ✅ success
[2025-05-14 23:29:50] nicobloom (503153517695991809) a exécuté //quiz → ✅ success
[2025-05-14 23:29:52] fleur2cerisier_ (967874006676033646) a exécuté //mes_stats → ❌ failed
[2025-05-14 23:29:58] nicobloom (503153517695991809) a exécuté //quiz → ✅ success
[2025-05-14 23:30:52] nicobloom (503153517695991809) a exécuté //mes_stats → ✅ success
[2025-05-14 23:30:59] yoyo32 (312353633083588608) a exécuté //quiz → ✅ success
[2025-05-14 23:31:03] fleur2cerisier_ (967874006676033646) a exécuté //quiz → ✅ success
[2025-05-14 23:31:15] yoyo32 (312353633083588608) a exécuté //stats_de → ❌ failed
[2025-05-14 23:31:18] fleur2cerisier_ (967874006676033646) a exécuté //mes_stats → ❌ failed
[2025-05-14 23:31:24] nicobloom (503153517695991809) a exécuté //quiz → ✅ success
[2025-05-14 23:31:32] nicobloom (503153517695991809) a exécuté //quiz → ✅ success
[2025-05-14 23:32:09] yoyo32 (312353633083588608) a exécuté //stats_de → ✅ success
[2025-05-14 23:32:11] nicobloom (503153517695991809) a exécuté //quiz → ✅ success
[2025-05-14 23:32:24] fleur2cerisier_ (967874006676033646) a exécuté //quiz → ✅ success
[2025-05-14 23:32:44] yoyo32 (312353633083588608) a exécuté //quiz → ✅ success
[2025-05-14 23:32:46] fleur2cerisier_ (967874006676033646) a exécuté //quiz → ✅ success
[2025-05-14 23:33:09] yoyo32 (312353633083588608) a exécuté //quiz → ✅ success
[2025-05-14 23:33:14] fleur2cerisier_ (967874006676033646) a exécuté //quiz → ✅ success
[2025-05-14 23:33:39] nicobloom (503153517695991809) a exécuté //quiz → ✅ success
[2025-05-14 23:33:51] nicobloom (503153517695991809) a exécuté //quiz → ✅ success
[2025-05-14 23:34:05] nicobloom (503153517695991809) a exécuté //quiz → ✅ success
[2025-05-14 23:34:22] fleur2cerisier_ (967874006676033646) a exécuté //quiz → ✅ success
[2025-05-14 23:34:48] fleur2cerisier_ (967874006676033646) a exécuté //quiz → ✅ success
[2025-05-14 23:34:52] nicobloom (503153517695991809) a exécuté //quiz → ✅ success
[2025-05-14 23:35:04] nicobloom (503153517695991809) a exécuté //quiz → ✅ success
[2025-05-14 23:35:14] nicobloom (503153517695991809) a exécuté //quiz → ✅ success
[2025-05-14 23:35:23] nicobloom (503153517695991809) a exécuté //quiz → ✅ success
[2025-05-14 23:35:32] nicobloom (503153517695991809) a exécuté //quiz → ✅ success
[2025-05-14 23:35:38] nicobloom (503153517695991809) a exécuté //quiz → ✅ success
[2025-05-14 23:36:15] fleur2cerisier_ (967874006676033646) a exécuté //quiz → ✅ success
[2025-05-14 23:36:39] fleur2cerisier_ (967874006676033646) a exécuté //quiz → ✅ success
[2025-05-14 23:37:01] nicobloom (503153517695991809) a exécuté //quiz → ✅ success
[2025-05-14 23:37:18] nicobloom (503153517695991809) a exécuté //quiz → ✅ success
[2025-05-14 23:37:34] nicobloom (503153517695991809) a exécuté //quiz → ✅ success
[2025-05-14 23:37:41] nicobloom (503153517695991809) a exécuté //quiz → ✅ success
[2025-05-14 23:37:52] nicobloom (503153517695991809) a exécuté //mes_stats → ✅ success
[2025-05-14 23:38:05] nicobloom (503153517695991809) a exécuté //top_stats → ✅ success
[2025-05-14 23:38:30] Sky#4447 (450323683840491530) a exécuté /Arrivée sur le serveur (join) → ❌ failed
[2025-05-16 22:38:03] yoyo32 (312353633083588608) a exécuté //pfc → ✅ success
[2025-05-16 22:38:19] yoyo32 (312353633083588608) a exécuté //quiz → ✅ success
[2025-05-16 22:38:36] yoyo32 (312353633083588608) a exécuté //quiz → ✅ success
[2025-05-16 22:39:10] nicobloom (503153517695991809) a exécuté //quiz → ✅ success
[2025-05-16 22:39:38] fleur2cerisier_ (967874006676033646) a exécuté //quiz → ✅ success
[2025-05-16 22:39:45] yoyo32 (312353633083588608) a exécuté //top_stats → ✅ success
[2025-05-16 22:40:00] fleur2cerisier_ (967874006676033646) a exécuté //quiz → ✅ success
[2025-05-16 22:40:13] fleur2cerisier_ (967874006676033646) a exécuté //quiz → ✅ success
[2025-05-16 22:40:24] fleur2cerisier_ (967874006676033646) a exécuté //quiz → ✅ success
[2025-05-16 22:41:49] fleur2cerisier_ (967874006676033646) a exécuté //quiz → ✅ success
[2025-05-16 22:41:58] nicobloom (503153517695991809) a exécuté //quiz → ✅ success
[2025-05-16 22:42:09] fleur2cerisier_ (967874006676033646) a exécuté //quiz → ✅ success
[2025-05-16 22:42:10] yoyo32 (312353633083588608) a exécuté //quiz → ✅ success
[2025-05-16 22:42:24] fleur2cerisier_ (967874006676033646) a exécuté //quiz → ✅ success
[2025-05-16 22:42:45] nicobloom (503153517695991809) a exécuté //quiz → ✅ success
[2025-05-16 22:42:48] fleur2cerisier_ (967874006676033646) a exécuté //quiz → ✅ success
[2025-05-16 22:43:00] fleur2cerisier_ (967874006676033646) a exécuté //quiz → ✅ success
[2025-05-16 22:43:01] nicobloom (503153517695991809) a exécuté //quiz → ✅ success
[2025-05-16 22:43:15] yoyo32 (312353633083588608) a exécuté //quiz → ✅ success
[2025-05-16 22:43:18] fleur2cerisier_ (967874006676033646) a exécuté //quiz → ✅ success
[2025-05-16 22:43:43] nicobloom (503153517695991809) a exécuté //quiz → ✅ success
[2025-05-16 22:43:46] fleur2cerisier_ (967874006676033646) a exécuté //quiz → ✅ success
[2025-05-16 22:59:40] nicobloom (503153517695991809) a exécuté //quiz → ✅ success
[2025-05-16 22:59:51] nicobloom (503153517695991809) a exécuté //quiz → ✅ success
[2025-05-16 22:59:59] nicobloom (503153517695991809) a exécuté //quiz → ✅ success
[2025-05-16 23:00:12] nicobloom (503153517695991809) a exécuté //quiz → ✅ success
[2025-05-16 23:00:43] nicobloom (503153517695991809) a exécuté //mes_stats → ✅ success
[2025-05-18 21:03:09] yoyo32 (312353633083588608) a exécuté //quiz → ✅ success
[2025-05-18 22:43:11] yora7032 (282651327581126656) a exécuté //quiz → ✅ success
[2025-05-18 22:44:40] yora7032 (282651327581126656) a exécuté //pfc → ❌ failed
[2025-05-18 22:46:20] yoyo32 (312353633083588608) a exécuté //pfc → ❌ failed
[2025-05-18 22:55:41] yoyo32 (312353633083588608) a exécuté //pfc → ❌ failed
[2025-05-18 22:57:23] yoyo32 (312353633083588608) a exécuté //pfc → ✅ success
[2025-05-18 23:28:39] yora7032 (282651327581126656) a exécuté //quiz → ✅ success
[2025-05-19 18:02:29] yora7032 (282651327581126656) a exécuté //quiz → ✅ success
[2025-05-19 18:49:33] yoyo32 (312353633083588608) a exécuté //quiz → ✅ success
[2025-05-19 18:49:46] yoyo32 (312353633083588608) a exécuté //quiz → ✅ success
[2025-05-20 14:27:17] yoyo32 (312353633083588608) a exécuté //top_stats → ✅ success
[2025-05-20 14:27:25] yoyo32 (312353633083588608) a exécuté //stats_de → ✅ success
[2025-05-20 14:28:44] yoyo32 (312353633083588608) a exécuté //top_stats → ✅ success
[2025-05-20 22:34:36] nicobloom (503153517695991809) a exécuté //pfc → ❌ failed
[2025-05-20 22:35:31] nicobloom (503153517695991809) a exécuté //pfc → ❌ failed
[2025-05-20 23:08:09] fleur2cerisier_ (967874006676033646) a exécuté //pfc → ✅ success
[2025-05-21 00:25:01] yora7032 (282651327581126656) a exécuté //quiz → ✅ success
[2025-05-21 00:25:44] yoyo32 (312353633083588608) a exécuté //top_stats → ✅ success
[2025-05-21 00:28:35] yoyo32 (312353633083588608) a exécuté //pfc → ❌ failed
[2025-05-21 00:28:52] yoyo32 (312353633083588608) a exécuté //clear → ✅ success
[2025-05-21 00:29:25] yoyo32 (312353633083588608) a exécuté //pfc → ✅ success
[2025-05-21 00:29:53] yoyo32 (312353633083588608) a exécuté //clear → ✅ success
[2025-05-21 00:30:30] yora7032 (282651327581126656) a exécuté //pfc → ✅ success
[2025-05-21 00:31:04] yoyo32 (312353633083588608) a exécuté //pfc → ❌ failed
[2025-05-21 00:32:17] yoyo32 (312353633083588608) a exécuté //pfc → ❌ failed
[2025-05-21 00:33:27] yoyo32 (312353633083588608) a exécuté //clear → ✅ success
[2025-05-21 00:36:36] yoyo32 (312353633083588608) a exécuté //pfc → ❌ failed
[2025-05-21 00:37:31] yoyo32 (312353633083588608) a exécuté //pfc → ❌ failed
[2025-05-21 00:39:40] yoyo32 (312353633083588608) a exécuté //clear → ✅ success
[2025-05-21 00:42:40] yoyo32 (312353633083588608) a exécuté //pfc → ✅ success
[2025-05-21 00:43:27] yoyo32 (312353633083588608) a exécuté //pfc → ❌ failed
[2025-05-21 00:45:26] yoyo32 (312353633083588608) a exécuté //clear → ✅ success
[2025-05-21 00:46:07] yoyo32 (312353633083588608) a exécuté //pfc → ❌ failed
[2025-05-21 00:46:50] yoyo32 (312353633083588608) a exécuté //pfc → ❌ failed
[2025-05-21 00:47:53] yoyo32 (312353633083588608) a exécuté //pfc → ❌ failed
[2025-05-21 00:48:35] yoyo32 (312353633083588608) a exécuté //pfc → ❌ failed
[2025-05-21 00:48:48] yoyo32 (312353633083588608) a exécuté //pfc → ✅ success
[2025-05-21 00:51:21] yoyo32 (312353633083588608) a exécuté /no permission → ❌ failed
[2025-05-21 00:51:35] yoyo32 (312353633083588608) a exécuté //pfc → ❌ failed
[2025-05-21 00:52:05] yoyo32 (312353633083588608) a exécuté //clear → ✅ success
[2025-05-21 01:00:51] yoyo32 (312353633083588608) a exécuté //clear → ✅ success
[2025-05-21 01:10:58] yoyo32 (312353633083588608) a exécuté //top_stats → ✅ success
[2025-05-21 01:11:05] yoyo32 (312353633083588608) a exécuté //stats_de → ✅ success
[2025-05-21 01:51:47] yoyo32 (312353633083588608) a exécuté //clear → ✅ success
[2025-05-21 03:05:38] yoyo32 (312353633083588608) a exécuté //clear → ❌ failed
[2025-05-21 03:05:38] yoyo32 (312353633083588608) a exécuté //clear → ❌ failed
[2025-05-21 03:05:38] yoyo32 (312353633083588608) a exécuté //clear → ❌ failed
[2025-05-21 03:05:38] yoyo32 (312353633083588608) a exécuté //clear → ❌ failed
[2025-05-21 03:05:41] yoyo32 (312353633083588608) a exécuté //clear → ✅ success
[2025-05-21 03:07:23] yoyo32 (312353633083588608) a exécuté //clear → ❌ failed
[2025-05-21 03:07:23] yoyo32 (312353633083588608) a exécuté //clear → ❌ failed
[2025-05-21 03:07:23] yoyo32 (312353633083588608) a exécuté //clear → ❌ failed
[2025-05-21 03:07:23] yoyo32 (312353633083588608) a exécuté //clear → ❌ failed
[2025-05-21 03:07:27] yoyo32 (312353633083588608) a exécuté //clear → ✅ success
[2025-05-21 03:08:02] yoyo32 (312353633083588608) a exécuté //clear → ❌ failed
[2025-05-21 03:08:02] yoyo32 (312353633083588608) a exécuté //clear → ❌ failed
[2025-05-21 03:08:02] yoyo32 (312353633083588608) a exécuté //clear → ❌ failed
[2025-05-21 03:08:03] yoyo32 (312353633083588608) a exécuté //clear → ❌ failed
[2025-05-21 03:08:03] yoyo32 (312353633083588608) a exécuté //clear → ✅ success
[2025-05-21 03:08:48] yoyo32 (312353633083588608) a exécuté //quiz → ❌ failed
[2025-05-21 03:08:48] yoyo32 (312353633083588608) a exécuté //quiz → ❌ failed
[2025-05-21 03:08:48] yoyo32 (312353633083588608) a exécuté //quiz → ❌ failed
[2025-05-21 03:08:48] yoyo32 (312353633083588608) a exécuté //quiz → ❌ failed
[2025-05-21 03:11:53] yoyo32 (312353633083588608) a exécuté //clear → ✅ success
[2025-05-21 03:12:23] yoyo32 (312353633083588608) a exécuté //clear → ✅ success
[2025-05-21 03:13:14] yoyo32 (312353633083588608) a exécuté //quiz → ✅ success
[2025-05-21 03:13:21] yoyo32 (312353633083588608) a exécuté //quiz → ✅ success
[2025-05-21 03:13:31] yoyo32 (312353633083588608) a exécuté //quiz → ✅ success
[2025-05-21 03:13:36] yoyo32 (312353633083588608) a exécuté //quiz → ✅ success
[2025-05-21 03:14:52] yoyo32 (312353633083588608) a exécuté //pfc → ❌ failed
[2025-05-21 03:15:15] yoyo32 (312353633083588608) a exécuté //pfc → ✅ success
[2025-05-21 03:17:31] yoyo32 (312353633083588608) a exécuté //clear → ✅ success
[2025-05-21 03:17:39] yoyo32 (312353633083588608) a exécuté //clear → ✅ success
[2025-05-21 03:24:22] yoyo32 (312353633083588608) a exécuté /no permission → ❌ failed
[2025-05-21 03:25:59] yoyo32 (312353633083588608) a exécuté /no permission → ❌ failed
[2025-05-21 03:29:48] yoyo32 (312353633083588608) a exécuté //clear → ✅ success
[2025-05-21 14:08:07] yoyo32 (312353633083588608) a exécuté //quiz → ✅ success
[2025-05-21 14:09:11] yoyo32 (312353633083588608) a exécuté //pfc → ❌ failed
[2025-05-21 14:10:26] yoyo32 (312353633083588608) a exécuté //quiz → ✅ success
[2025-05-21 14:12:34] yoyo32 (312353633083588608) a exécuté //mes_stats → ✅ success
[2025-05-22 18:25:30] lgd_fireball (701157760427098243) a exécuté /Arrivée sur le serveur (join) → ❌ failed
[2025-05-22 18:33:15] fleur2cerisier_ (967874006676033646) a exécuté //quiz → ✅ success
[2025-05-22 18:33:39] fleur2cerisier_ (967874006676033646) a exécuté //quiz → ✅ success
[2025-05-22 18:33:55] fleur2cerisier_ (967874006676033646) a exécuté //quiz → ✅ success
[2025-05-22 18:34:57] allay_de_paris (507852305761304576) a exécuté /Arrivée sur le serveur (join) → ❌ failed
[2025-05-22 18:41:16] yoyo32 (312353633083588608) a exécuté //quiz → ✅ success
[2025-05-22 18:41:51] nicobloom (503153517695991809) a exécuté //pfc → ❌ failed
[2025-05-22 18:43:56] lgd_fireball (701157760427098243) a exécuté //pfc → ✅ success
[2025-05-22 18:44:45] lgd_fireball (701157760427098243) a exécuté //quiz → ✅ success
[2025-05-22 18:48:21] nicobloom (503153517695991809) a exécuté //nico → ✅ success
[2025-05-22 18:51:49] lgd_fireball (701157760427098243) a exécuté //nico → ✅ success
[2025-05-22 19:03:30] myulyy (789863397096816660) a exécuté /Arrivée sur le serveur (join) → ❌ failed
[2025-05-22 19:05:15] .tancerjay (689368934486638616) a exécuté /Arrivée sur le serveur (join) → ❌ failed
[2025-05-22 19:12:30] yoyo32 (312353633083588608) a exécuté //clear → ✅ success
[2025-05-22 19:12:34] yoyo32 (312353633083588608) a exécuté //clear → ✅ success
[2025-05-22 19:12:43] yoyo32 (312353633083588608) a exécuté //clear → ✅ success
[2025-05-22 19:15:36] yoyo32 (312353633083588608) a exécuté //pfc → ❌ failed
[2025-05-22 19:15:37] yoyo32 (312353633083588608) a exécuté //quiz → ✅ success
[2025-05-22 19:16:13] nicobloom (503153517695991809) a exécuté //pfc → ✅ success
[2025-05-22 20:19:15] funkybenil (822937454025244793) a exécuté /Arrivée sur le serveur (join) → ❌ failed
[2025-05-22 20:33:02] funkybenil (822937454025244793) a exécuté //pfc → ❌ failed
[2025-05-22 20:33:43] funkybenil (822937454025244793) a exécuté //pfc → ❌ failed
[2025-05-22 21:11:46] funkybenil (822937454025244793) a exécuté //pfc → ❌ failed
[2025-05-22 21:13:57] lgd_fireball (701157760427098243) a exécuté //pfc → ❌ failed
[2025-05-22 21:18:21] yoyo32 (312353633083588608) a exécuté //pfc → ❌ failed
[2025-05-22 21:18:51] lgd_fireball (701157760427098243) a exécuté //pfc → ❌ failed
[2025-05-22 21:44:39] yoyo32 (312353633083588608) a exécuté //pfc → ❌ failed
[2025-05-23 18:29:36] yoyo32 (312353633083588608) a exécuté //quiz → ✅ success
[2025-05-23 18:31:19] yoyo32 (312353633083588608) a exécuté //quiz → ✅ success
[2025-05-23 18:31:30] yoyo32 (312353633083588608) a exécuté //quiz → ✅ success
[2025-05-23 18:31:47] yoyo32 (312353633083588608) a exécuté //quiz → ✅ success
[2025-05-23 18:31:59] yoyo32 (312353633083588608) a exécuté //quiz → ✅ success
[2025-05-25 14:55:01] fleur2cerisier_ (967874006676033646) a exécuté //quiz → ✅ success
[2025-05-25 14:55:19] fleur2cerisier_ (967874006676033646) a exécuté //quiz → ✅ success
[2025-05-25 15:04:00] yoyo32 (312353633083588608) a exécuté //quiz → ✅ success
[2025-05-25 15:12:07] lgd_fireball (701157760427098243) a exécuté //quiz → ✅ success
[2025-05-25 17:17:49] funkybenil (822937454025244793) a exécuté //quiz → ✅ success
[2025-05-25 17:18:12] funkybenil (822937454025244793) a exécuté //quiz → ✅ success
[2025-05-25 17:18:28] funkybenil (822937454025244793) a exécuté //quiz → ✅ success
[2025-05-25 17:20:20] lgd_fireball (701157760427098243) a exécuté //quiz → ✅ success
[2025-05-25 17:21:46] yoyo32 (312353633083588608) a exécuté //quiz → ✅ success
[2025-05-25 19:02:53] funkybenil (822937454025244793) a exécuté //quiz → ✅ success
[2025-05-25 19:03:12] funkybenil (822937454025244793) a exécuté //quiz → ✅ success
[2025-05-25 19:03:26] funkybenil (822937454025244793) a exécuté //quiz → ✅ success
[2025-05-25 19:03:38] funkybenil (822937454025244793) a exécuté //quiz → ✅ success
[2025-05-25 19:34:40] lgd_fireball (701157760427098243) a exécuté //quiz → ✅ success
[2025-05-25 19:34:53] lgd_fireball (701157760427098243) a exécuté //quiz → ✅ success
[2025-05-25 19:35:11] lgd_fireball (701157760427098243) a exécuté //quiz → ✅ success
[2025-05-25 22:07:52] funkybenil (822937454025244793) a exécuté //quiz → ✅ success
[2025-05-25 22:08:05] funkybenil (822937454025244793) a exécuté //quiz → ✅ success
[2025-05-25 22:08:55] funkybenil (822937454025244793) a exécuté //quiz → ✅ success
[2025-05-25 22:09:11] funkybenil (822937454025244793) a exécuté //quiz → ✅ success
[2025-05-25 22:09:29] funkybenil (822937454025244793) a exécuté //quiz → ✅ success
[2025-05-25 22:10:00] funkybenil (822937454025244793) a exécuté //quiz → ✅ success
[2025-05-25 22:10:46] funkybenil (822937454025244793) a exécuté //quiz → ✅ success
[2025-05-25 22:11:10] funkybenil (822937454025244793) a exécuté //quiz → ✅ success
[2025-05-25 22:11:27] funkybenil (822937454025244793) a exécuté //quiz → ✅ success
[2025-05-25 22:11:57] funkybenil (822937454025244793) a exécuté //quiz → ✅ success
[2025-05-25 22:12:22] funkybenil (822937454025244793) a exécuté //quiz → ✅ success
[2025-05-25 22:12:49] funkybenil (822937454025244793) a exécuté //quiz → ✅ success
[2025-05-25 22:13:27] funkybenil (822937454025244793) a exécuté //quiz → ✅ success
[2025-05-25 22:13:43] funkybenil (822937454025244793) a exécuté //quiz → ✅ success
[2025-05-25 22:14:06] funkybenil (822937454025244793) a exécuté //quiz → ✅ success
[2025-05-25 22:14:36] funkybenil (822937454025244793) a exécuté //quiz → ✅ success
[2025-05-25 22:15:07] funkybenil (822937454025244793) a exécuté //quiz → ✅ success
[2025-05-25 22:15:42] funkybenil (822937454025244793) a exécuté //quiz → ✅ success
[2025-05-25 22:16:06] funkybenil (822937454025244793) a exécuté //quiz → ✅ success
[2025-05-25 22:16:41] funkybenil (822937454025244793) a exécuté //quiz → ✅ success
[2025-05-25 22:17:28] funkybenil (822937454025244793) a exécuté //quiz → ✅ success
[2025-05-25 22:17:49] funkybenil (822937454025244793) a exécuté //quiz → ✅ success
[2025-05-25 22:18:18] funkybenil (822937454025244793) a exécuté //quiz → ✅ success
[2025-05-25 22:18:39] yoyo32 (312353633083588608) a exécuté //top_stats → ✅ success
[2025-05-25 22:21:05] yoyo32 (312353633083588608) a exécuté //quiz → ✅ success
[2025-05-25 22:21:19] yoyo32 (312353633083588608) a exécuté //quiz → ✅ success
[2025-05-25 23:46:52] yora7032 (282651327581126656) a exécuté //quiz → ✅ success
[2025-05-25 23:55:08] yora7032 (282651327581126656) a exécuté //pfc → ❌ failed
[2025-05-25 23:57:56] yoyo32 (312353633083588608) a exécuté //pfc → ✅ success
[2025-05-26 12:09:49] Bongo#3445 (339926969548275722) a exécuté /Arrivée sur le serveur (join) → ❌ failed
[2025-05-26 16:10:55] astra8674 (609699434896424968) a exécuté /Arrivée sur le serveur (join) → ❌ failed
[2025-06-03 22:51:31] PatchBot#0303 (402528814548254720) a exécuté /Arrivée sur le serveur (join) → ❌ failed
[2025-06-04 20:05:10] funkybenil (822937454025244793) a exécuté //quiz → ✅ success
[2025-06-04 20:05:27] funkybenil (822937454025244793) a exécuté //quiz → ✅ success
[2025-06-04 20:05:47] funkybenil (822937454025244793) a exécuté //quiz → ✅ success
[2025-06-04 20:06:02] funkybenil (822937454025244793) a exécuté //quiz → ✅ success
[2025-06-04 20:06:21] funkybenil (822937454025244793) a exécuté //quiz → ✅ success
[2025-06-04 20:06:33] funkybenil (822937454025244793) a exécuté //quiz → ✅ success
[2025-06-04 20:06:50] funkybenil (822937454025244793) a exécuté //quiz → ✅ success
[2025-06-04 22:24:29] nicobloom (503153517695991809) a exécuté //pfc → ❌ failed
[2025-06-04 22:24:37] nicobloom (503153517695991809) a exécuté //pfc → ❌ failed
[2025-06-04 22:25:30] yoyo32 (312353633083588608) a exécuté //pfc → ✅ success
[2025-06-04 22:25:39] yoyo32 (312353633083588608) a exécuté //pfc → ✅ success
[2025-06-04 22:25:46] yoyo32 (312353633083588608) a exécuté //pfc → ✅ success
[2025-06-04 22:25:56] yoyo32 (312353633083588608) a exécuté //pfc → ✅ success
[2025-06-04 22:26:01] yoyo32 (312353633083588608) a exécuté //pfc → ✅ success
[2025-06-04 22:26:09] yoyo32 (312353633083588608) a exécuté //pfc → ✅ success
[2025-06-04 22:26:16] yoyo32 (312353633083588608) a exécuté //pfc → ✅ success
[2025-06-04 22:26:23] yoyo32 (312353633083588608) a exécuté //pfc → ✅ success
[2025-06-04 22:26:30] yoyo32 (312353633083588608) a exécuté //pfc → ✅ success
[2025-06-04 22:26:37] yoyo32 (312353633083588608) a exécuté //pfc → ✅ success
[2025-06-04 22:26:45] yoyo32 (312353633083588608) a exécuté //pfc → ✅ success
[2025-06-04 22:26:58] yoyo32 (312353633083588608) a exécuté //pfc → ✅ success
[2025-06-04 22:27:37] yoyo32 (312353633083588608) a exécuté //pfc → ✅ success
[2025-06-04 22:27:46] yoyo32 (312353633083588608) a exécuté //pfc → ✅ success
[2025-06-04 22:27:52] yoyo32 (312353633083588608) a exécuté //pfc → ✅ success
[2025-06-04 22:27:58] yoyo32 (312353633083588608) a exécuté //pfc → ✅ success
[2025-06-05 02:07:15] yoyo32 (312353633083588608) a exécuté //nico → ✅ success
[2025-06-05 02:07:18] allay_de_paris (507852305761304576) a exécuté //nico → ✅ success
[2025-06-16 23:05:37] nicobloom (503153517695991809) a exécuté //pfc → ✅ success
[2025-06-17 02:00:08] yoyo32 (312353633083588608) a exécuté /no permission → ❌ failed
[2025-06-17 02:01:39] yoyo32 (312353633083588608) a exécuté /no permission → ❌ failed
[2025-06-17 02:01:48] yoyo32 (312353633083588608) a exécuté /no permission → ❌ failed
[2025-06-17 02:02:11] yoyo32 (312353633083588608) a exécuté /no permission → ❌ failed
[2025-06-17 02:09:41] yoyo32 (312353633083588608) a exécuté /no permission → ❌ failed
[2025-06-17 02:10:12] yoyo32 (312353633083588608) a exécuté /no permission → ❌ failed
[2025-06-17 02:11:29] yoyo32 (312353633083588608) a exécuté /no permission → ❌ failed
[2025-06-17 02:11:29] yoyo32 (312353633083588608) a exécuté /no permission → ❌ failed
[2025-06-17 02:14:20] yoyo32 (312353633083588608) a exécuté /no permission → ❌ failed
[2025-06-17 02:14:20] yoyo32 (312353633083588608) a exécuté /no permission → ❌ failed
[2025-06-17 02:20:10] yoyo32 (312353633083588608) a exécuté //nico → ❌ failed
[2025-06-17 02:20:10] yoyo32 (312353633083588608) a exécuté //nico → ✅ success
[2025-06-17 02:22:11] yoyo32 (312353633083588608) a exécuté /no permission → ❌ failed
[2025-06-17 02:22:11] yoyo32 (312353633083588608) a exécuté /no permission → ❌ failed
[2025-06-17 02:27:49] yoyo32 (312353633083588608) a exécuté //clear → ❌ failed
[2025-06-17 02:27:49] yoyo32 (312353633083588608) a exécuté //clear → ❌ failed
[2025-06-17 02:27:52] yoyo32 (312353633083588608) a exécuté //clear → ✅ success
[2025-06-17 02:28:00] yoyo32 (312353633083588608) a exécuté //clear → ❌ failed
[2025-06-17 02:28:00] yoyo32 (312353633083588608) a exécuté //clear → ❌ failed
[2025-06-17 02:28:04] yoyo32 (312353633083588608) a exécuté //clear → ✅ success
[2025-06-17 02:28:17] yoyo32 (312353633083588608) a exécuté //clear → ❌ failed
[2025-06-17 02:28:17] yoyo32 (312353633083588608) a exécuté //clear → ❌ failed
[2025-06-17 02:28:17] yoyo32 (312353633083588608) a exécuté //clear → ✅ success
[2025-06-17 02:29:03] yoyo32 (312353633083588608) a exécuté //clear → ❌ failed
[2025-06-17 02:29:04] yoyo32 (312353633083588608) a exécuté //clear → ✅ success
[2025-06-17 02:29:38] yoyo32 (312353633083588608) a exécuté //clear → ❌ failed
[2025-06-17 02:29:38] yoyo32 (312353633083588608) a exécuté //clear → ✅ success
[2025-06-17 02:31:02] yoyo32 (312353633083588608) a exécuté //clear → ❌ failed
[2025-06-17 02:31:02] yoyo32 (312353633083588608) a exécuté //clear → ✅ success
[2025-06-17 02:32:16] yoyo32 (312353633083588608) a exécuté //clear → ✅ success
[2025-06-17 02:32:27] yoyo32 (312353633083588608) a exécuté //clear → ✅ success
[2025-06-17 02:32:42] yoyo32 (312353633083588608) a exécuté //clear → ✅ success
[2025-06-17 02:32:55] yoyo32 (312353633083588608) a exécuté //clear → ✅ success
[2025-06-17 02:41:18] yoyo32 (312353633083588608) a exécuté //clear → ❌ failed
[2025-06-17 02:41:18] yoyo32 (312353633083588608) a exécuté //clear → ❌ failed
[2025-06-17 02:41:21] yoyo32 (312353633083588608) a exécuté //clear → ✅ success
[2025-06-17 02:42:22] yoyo32 (312353633083588608) a exécuté //clear → ❌ failed
[2025-06-17 02:42:22] yoyo32 (312353633083588608) a exécuté //clear → ❌ failed
[2025-06-17 02:42:22] yoyo32 (312353633083588608) a exécuté //clear → ✅ success
[2025-06-17 02:42:39] yoyo32 (312353633083588608) a exécuté //clear → ❌ failed
[2025-06-17 02:42:39] yoyo32 (312353633083588608) a exécuté //clear → ❌ failed
[2025-06-17 02:42:40] yoyo32 (312353633083588608) a exécuté //clear → ✅ success
[2025-06-17 02:44:04] yoyo32 (312353633083588608) a exécuté //clear → ❌ failed
[2025-06-17 02:44:04] yoyo32 (312353633083588608) a exécuté //clear → ✅ success
[2025-06-17 02:45:04] yoyo32 (312353633083588608) a exécuté //nico → ✅ success
[2025-06-17 02:45:12] yoyo32 (312353633083588608) a exécuté //clear → ✅ success
[2025-06-17 03:07:19] yoyo32 (312353633083588608) a exécuté //clear → ✅ success
[2025-06-17 12:22:12] yoyo32 (312353633083588608) a exécuté //clear → ✅ success
[2025-06-17 12:31:39] yoyo32 (312353633083588608) a exécuté //clear → ✅ success
[2025-06-17 12:43:09] yoyo32 (312353633083588608) a exécuté /no permission → ❌ failed
[2025-06-17 13:31:22] yoyo32 (312353633083588608) a exécuté //clear → ✅ success
[2025-06-17 13:42:01] yoyo32 (312353633083588608) a exécuté //proposer → ✅ success
[2025-06-17 13:42:11] yoyo32 (312353633083588608) a exécuté //essayer → ✅ success
[2025-06-17 13:42:21] yoyo32 (312353633083588608) a exécuté //pendu → ✅ success
[2025-06-17 13:42:37] yoyo32 (312353633083588608) a exécuté //essayer → ✅ success
[2025-06-17 13:42:51] yoyo32 (312353633083588608) a exécuté //proposer → ✅ success
[2025-06-17 13:43:30] yoyo32 (312353633083588608) a exécuté //essayer → ✅ success
[2025-06-17 13:43:34] yoyo32 (312353633083588608) a exécuté //essayer → ✅ success
[2025-06-17 13:44:03] yoyo32 (312353633083588608) a exécuté //essayer → ✅ success
[2025-06-17 13:44:24] yoyo32 (312353633083588608) a exécuté //essayer → ✅ success
[2025-06-17 13:46:14] yoyo32 (312353633083588608) a exécuté //essayer → ✅ success
[2025-06-17 13:52:02] ea0538 (304645700023484417) a exécuté //pendu → ✅ success
[2025-06-17 15:03:49] ea0538 (304645700023484417) a exécuté //essayer → ✅ success
[2025-06-17 15:04:48] yoyo32 (312353633083588608) a exécuté //essayer → ✅ success
[2025-06-17 15:04:58] yoyo32 (312353633083588608) a exécuté //essayer → ✅ success
[2025-06-17 15:05:39] yoyo32 (312353633083588608) a exécuté //essayer → ✅ success
[2025-06-17 15:06:05] ea0538 (304645700023484417) a exécuté //essayer → ✅ success
[2025-06-17 15:06:09] ea0538 (304645700023484417) a exécuté //essayer → ✅ success
[2025-06-17 15:06:12] ea0538 (304645700023484417) a exécuté //essayer → ✅ success
[2025-06-17 15:06:14] ea0538 (304645700023484417) a exécuté //essayer → ✅ success
[2025-06-17 15:06:17] ea0538 (304645700023484417) a exécuté //essayer → ✅ success
[2025-06-17 15:06:20] ea0538 (304645700023484417) a exécuté //essayer → ✅ success
[2025-06-17 15:06:27] ea0538 (304645700023484417) a exécuté //proposer → ✅ success
[2025-06-17 15:06:33] ea0538 (304645700023484417) a exécuté //essayer → ✅ success
[2025-06-17 15:06:37] ea0538 (304645700023484417) a exécuté /no permission → ❌ failed
[2025-06-17 15:07:01] ea0538 (304645700023484417) a exécuté //pendu → ✅ success
[2025-06-17 15:07:06] ea0538 (304645700023484417) a exécuté //essayer → ✅ success
[2025-06-17 15:07:30] yoyo32 (312353633083588608) a exécuté //clear → ✅ success
[2025-06-17 18:19:15] lgd_fireball (701157760427098243) a exécuté //quiz → ✅ success
[2025-06-17 18:19:38] lgd_fireball (701157760427098243) a exécuté //quiz → ✅ success
[2025-06-17 18:32:22] lgd_fireball (701157760427098243) a exécuté //pendu → ✅ success
[2025-06-17 18:32:37] lgd_fireball (701157760427098243) a exécuté //essayer → ✅ success
[2025-06-17 18:32:48] lgd_fireball (701157760427098243) a exécuté //essayer → ✅ success
[2025-06-17 18:33:03] lgd_fireball (701157760427098243) a exécuté //essayer → ✅ success
[2025-06-17 18:33:08] lgd_fireball (701157760427098243) a exécuté //essayer → ✅ success
[2025-06-17 18:33:34] lgd_fireball (701157760427098243) a exécuté //essayer → ✅ success
[2025-06-17 18:33:44] lgd_fireball (701157760427098243) a exécuté //essayer → ✅ success
[2025-06-17 18:34:00] lgd_fireball (701157760427098243) a exécuté //essayer → ✅ success
[2025-06-17 18:37:41] lgd_fireball (701157760427098243) a exécuté //essayer → ✅ success
[2025-06-17 19:21:05] yoyo32 (312353633083588608) a exécuté //pendu → ✅ success
[2025-06-17 19:21:19] yoyo32 (312353633083588608) a exécuté //essayer → ✅ success
[2025-06-17 19:21:25] yoyo32 (312353633083588608) a exécuté //essayer → ✅ success
[2025-06-17 19:21:31] yoyo32 (312353633083588608) a exécuté //essayer → ✅ success
[2025-06-17 19:21:38] yoyo32 (312353633083588608) a exécuté //essayer → ✅ success
[2025-06-17 19:21:43] yoyo32 (312353633083588608) a exécuté //essayer → ✅ success
[2025-06-17 19:21:48] yoyo32 (312353633083588608) a exécuté //essayer → ✅ success
[2025-06-17 19:21:52] yoyo32 (312353633083588608) a exécuté //essayer → ✅ success
[2025-06-17 19:21:59] yoyo32 (312353633083588608) a exécuté //essayer → ✅ success
[2025-06-17 19:23:29] yoyo32 (312353633083588608) a exécuté //pendu → ✅ success
[2025-06-17 19:23:33] yoyo32 (312353633083588608) a exécuté //essayer → ✅ success
[2025-06-17 19:23:37] yoyo32 (312353633083588608) a exécuté //essayer → ✅ success
[2025-06-17 19:23:42] yoyo32 (312353633083588608) a exécuté //essayer → ✅ success
[2025-06-17 19:23:47] yoyo32 (312353633083588608) a exécuté //essayer → ✅ success
[2025-06-17 19:23:52] yoyo32 (312353633083588608) a exécuté //essayer → ✅ success
[2025-06-17 19:23:56] yoyo32 (312353633083588608) a exécuté //essayer → ✅ success
[2025-06-17 19:24:01] yoyo32 (312353633083588608) a exécuté //essayer → ✅ success
[2025-06-17 19:24:09] yoyo32 (312353633083588608) a exécuté //essayer → ✅ success
[2025-06-17 19:56:13] yoyo32 (312353633083588608) a exécuté //pendu → ✅ success
[2025-06-17 19:56:13] yoyo32 (312353633083588608) a exécuté //pendu → ✅ success
[2025-06-17 19:56:22] yoyo32 (312353633083588608) a exécuté //essayer → ✅ success
[2025-06-17 19:56:27] yoyo32 (312353633083588608) a exécuté //essayer → ✅ success
[2025-06-17 19:56:32] yoyo32 (312353633083588608) a exécuté //essayer → ✅ success
[2025-06-17 19:56:37] yoyo32 (312353633083588608) a exécuté //essayer → ✅ success
[2025-06-17 19:56:37] yoyo32 (312353633083588608) a exécuté //essayer → ✅ success
[2025-06-17 19:56:40] yoyo32 (312353633083588608) a exécuté //essayer → ✅ success
[2025-06-17 19:56:40] yoyo32 (312353633083588608) a exécuté //essayer → ✅ success
[2025-06-17 19:56:44] yoyo32 (312353633083588608) a exécuté //essayer → ✅ success
[2025-06-17 19:56:44] yoyo32 (312353633083588608) a exécuté //essayer → ✅ success
[2025-06-17 19:56:48] yoyo32 (312353633083588608) a exécuté //essayer → ✅ success
[2025-06-17 19:56:48] yoyo32 (312353633083588608) a exécuté //essayer → ✅ success
[2025-06-17 19:56:53] yoyo32 (312353633083588608) a exécuté //essayer → ✅ success
[2025-06-17 19:56:53] yoyo32 (312353633083588608) a exécuté //essayer → ✅ success
[2025-06-17 19:58:01] yoyo32 (312353633083588608) a exécuté //pendu → ✅ success
[2025-06-17 19:58:01] yoyo32 (312353633083588608) a exécuté //pendu → ✅ success
[2025-06-17 19:58:11] yoyo32 (312353633083588608) a exécuté //essayer → ✅ success
[2025-06-17 19:58:17] yoyo32 (312353633083588608) a exécuté //essayer → ✅ success
[2025-06-17 19:58:22] yoyo32 (312353633083588608) a exécuté //essayer → ✅ success
[2025-06-17 19:58:26] yoyo32 (312353633083588608) a exécuté //essayer → ✅ success
[2025-06-17 19:58:30] yoyo32 (312353633083588608) a exécuté //essayer → ✅ success
[2025-06-17 19:58:33] yoyo32 (312353633083588608) a exécuté //essayer → ✅ success
[2025-06-17 20:01:31] yoyo32 (312353633083588608) a exécuté //nico → ❌ failed
[2025-06-17 20:01:31] yoyo32 (312353633083588608) a exécuté //nico → ✅ success
[2025-06-17 20:01:34] yoyo32 (312353633083588608) a exécuté //pendu → ✅ success
[2025-06-17 20:01:34] yoyo32 (312353633083588608) a exécuté //pendu → ✅ success
[2025-06-17 20:01:39] yoyo32 (312353633083588608) a exécuté //essayer → ✅ success
[2025-06-17 20:01:39] yoyo32 (312353633083588608) a exécuté //essayer → ✅ success
[2025-06-17 20:01:43] yoyo32 (312353633083588608) a exécuté //essayer → ✅ success
[2025-06-17 20:01:47] yoyo32 (312353633083588608) a exécuté //essayer → ✅ success
[2025-06-17 20:01:49] yoyo32 (312353633083588608) a exécuté //essayer → ✅ success
[2025-06-17 20:01:49] yoyo32 (312353633083588608) a exécuté //essayer → ✅ success
[2025-06-17 20:01:52] yoyo32 (312353633083588608) a exécuté //essayer → ✅ success
[2025-06-17 20:01:52] yoyo32 (312353633083588608) a exécuté //essayer → ✅ success
[2025-06-17 20:04:33] yoyo32 (312353633083588608) a exécuté //pendu → ✅ success
[2025-06-17 20:04:42] yoyo32 (312353633083588608) a exécuté //essayer → ✅ success
[2025-06-17 20:04:48] yoyo32 (312353633083588608) a exécuté //essayer → ✅ success
[2025-06-17 20:04:53] yoyo32 (312353633083588608) a exécuté //essayer → ✅ success
[2025-06-17 20:05:05] yoyo32 (312353633083588608) a exécuté //essayer → ✅ success
[2025-06-17 20:05:11] yoyo32 (312353633083588608) a exécuté //essayer → ✅ success
[2025-06-17 20:05:15] yoyo32 (312353633083588608) a exécuté //essayer → ✅ success
[2025-06-17 20:05:18] yoyo32 (312353633083588608) a exécuté //essayer → ✅ success
[2025-06-17 20:07:30] yoyo32 (312353633083588608) a exécuté //essayer → ✅ success
[2025-06-17 20:07:35] yoyo32 (312353633083588608) a exécuté //pendu → ✅ success
[2025-06-17 20:07:38] yoyo32 (312353633083588608) a exécuté //essayer → ✅ success
[2025-06-17 20:07:44] yoyo32 (312353633083588608) a exécuté //stop → ❌ failed
[2025-06-17 20:07:49] yoyo32 (312353633083588608) a exécuté //essayer → ✅ success
[2025-06-18 21:43:36] nicobloom (503153517695991809) a exécuté //pendu → ✅ success
[2025-06-18 21:43:49] nicobloom (503153517695991809) a exécuté //essayer → ✅ success
[2025-06-18 21:44:00] nicobloom (503153517695991809) a exécuté //essayer → ✅ success
[2025-06-18 21:44:14] nicobloom (503153517695991809) a exécuté //essayer → ✅ success
[2025-06-18 21:44:27] nicobloom (503153517695991809) a exécuté //essayer → ✅ success
[2025-06-18 21:44:33] nicobloom (503153517695991809) a exécuté //essayer → ✅ success
[2025-06-18 21:44:43] nicobloom (503153517695991809) a exécuté //essayer → ✅ success
[2025-06-18 21:44:58] nicobloom (503153517695991809) a exécuté //essayer → ✅ success
[2025-06-18 21:46:29] nicobloom (503153517695991809) a exécuté //essayer → ✅ success
[2025-06-18 21:47:32] yoyo32 (312353633083588608) a exécuté //proposer → ✅ success
[2025-06-18 21:49:09] nicobloom (503153517695991809) a exécuté //proposer → ✅ success
[2025-06-18 21:51:54] yoyo32 (312353633083588608) a exécuté //clear → ✅ success
[2025-06-18 21:52:05] yoyo32 (312353633083588608) a exécuté //clear → ✅ success
[2025-06-27 03:04:27] yoyo32 (312353633083588608) a exécuté //pfc → ✅ success
